/Users/haiyangli/miniconda3/envs/network/bin/python /Users/haiyangli/Coding/CodeClone/eval/LinearModel/run.py
train test data shape: (581164, 3), (86947, 3), (88396, 3)
parsing source code: total count 9323
parse finished, success parsing count 9323
build sentences
build vocab dict
build bow vec
build onr hot vec, vocab:40138
one hot vec shape:(9323, 40138)
0 ----- 1.403907299041748
500 ----- 0.021151768043637276
1000 ----- 0.009894036687910557
epoch : 0, val result: [0.7853207433521711, 0.682677795915853, 0.7304108550761651]
epoch : 0, test result: [0.7770179008018602, 0.6900127535527755, 0.7309353212226485]
0 ----- 0.008029029704630375
500 ----- 0.008304489776492119
1000 ----- 0.0014712619595229626
epoch : 1, val result: [0.7834366298392167, 0.6716050143222349, 0.7232232439738305]
epoch : 1, test result: [0.7770163048216933, 0.6765152435321268, 0.7232913180043666]
0 ----- 0.0034104199148714542
500 ----- 0.011046109721064568
1000 ----- 0.001262011704966426
epoch : 2, val result: [0.7869868455901827, 0.6864046570363754, 0.7332625916146386]
epoch : 2, test result: [0.7768726669431771, 0.71094983602575, 0.7424507884159539]
0 ----- 0.0009143048082478344
500 ----- 0.0018957012798637152
1000 ----- 0.011582515202462673
epoch : 3, val result: [0.7816759924950604, 0.7250130902146795, 0.7522790645648405]
epoch : 3, test result: [0.7819623545732572, 0.7531124741892384, 0.7672663150242076]
0 ----- 0.00423780269920826
500 ----- 0.0007154735503718257
1000 ----- 0.0007031425484456122
epoch : 4, val result: [0.779407409987981, 0.6890843009825361, 0.7314680856281112]
epoch : 4, test result: [0.7783023572829737, 0.7108283736183652, 0.7430367090415656]
0 ----- 0.00023295782739296556
500 ----- 0.0013854911085218191
1000 ----- 0.003701214212924242
epoch : 5, val result: [0.7853950661422953, 0.676610096405581, 0.7269553419263034]
epoch : 5, test result: [0.7775139096213869, 0.6959188631118669, 0.7344571208819383]
0 ----- 0.02394457720220089
500 ----- 0.005847224500030279
1000 ----- 0.005015327595174313
epoch : 6, val result: [0.782684786685001, 0.6749622693812178, 0.724843092341914]
epoch : 6, test result: [0.7717885658457703, 0.6956455726952508, 0.7317415954643455]
0 ----- 0.006329966709017754
500 ----- 0.004214526619762182
1000 ----- 0.0059370738454163074
epoch : 7, val result: [0.781962787832672, 0.6647057011734993, 0.7185822144159293]
epoch : 7, test result: [0.7753956711438105, 0.6880541722336937, 0.7291185674408128]
0 ----- 0.00565042719244957
500 ----- 0.003779233666136861
1000 ----- 0.004255340900272131
epoch : 8, val result: [0.7842442858433463, 0.6684325622940216, 0.7217219963584667]
epoch : 8, test result: [0.7769585253456222, 0.691151463622009, 0.7315473990390025]
0 ----- 0.004763828590512276
500 ----- 0.004137580282986164
1000 ----- 0.008311321027576923
epoch : 9, val result: [0.7829938477637253, 0.6683555610312009, 0.7211472154601574]
epoch : 9, test result: [0.7709300930607208, 0.6829679339244504, 0.7242881179908707]
0 ----- 0.0008781082578934729
500 ----- 0.003096748376265168

