/Users/haiyangli/miniconda3/envs/network/bin/python /Users/haiyangli/Coding/CodeClone/eval/LinearModel/run.py
reload data from cache
0 ----- 0.9506381154060364
500 ----- 0.14710180461406708
1000 ----- 0.0402350090444088
epoch : 0, val result: [0.7724947710658742, 0.5744756214001909, 0.6589297227595099]
epoch : 0, test result: [0.7596388223574048, 0.5441364022834932, 0.6340772980193378]
0 ----- 0.04915311932563782
500 ----- 0.014267985709011555
1000 ----- 0.03047642670571804
epoch : 1, val result: [0.7657740422204847, 0.6033356947053932, 0.6749186004444674]
epoch : 1, test result: [0.7528620185275475, 0.5861016640349812, 0.6590973117407524]
0 ----- 0.014340096153318882
500 ----- 0.030182018876075745
1000 ----- 0.0168424341827631
epoch : 2, val result: [0.775152267087751, 0.6350294144823975, 0.6981291797172606]
epoch : 2, test result: [0.7650993920219559, 0.6094983602575003, 0.6784920520902876]
0 ----- 0.0279413890093565
500 ----- 0.016646377742290497
1000 ----- 0.09100435674190521
epoch : 3, val result: [0.7820700439027324, 0.6007946530323097, 0.6795509375789299]
epoch : 3, test result: [0.776711426804206, 0.5910360743349933, 0.6712707896846951]
0 ----- 0.038512665778398514
500 ----- 0.004906831309199333
1000 ----- 0.006095072720199823
epoch : 4, val result: [0.7812511581366045, 0.649290048356793, 0.7091841883936081]
epoch : 4, test result: [0.7611431763172594, 0.6206880845378355, 0.6837774098048071]
0 ----- 0.012671233154833317
500 ----- 0.017120713368058205
1000 ----- 0.010739803314208984
epoch : 5, val result: [0.7770713893776844, 0.63247297255675, 0.697355350851127]
epoch : 5, test result: [0.759860788863109, 0.5966840762783918, 0.6684582936453939]
0 ----- 0.015539438463747501
500 ----- 0.007963995449244976
1000 ----- 0.01095162145793438
epoch : 6, val result: [0.774527080486226, 0.6633350786952906, 0.7146317588306538]
epoch : 6, test result: [0.7564864473112045, 0.633912304141868, 0.6897964578376949]
0 ----- 0.0057352809235453606
500 ----- 0.004933186341077089
1000 ----- 0.02783353254199028
epoch : 7, val result: [0.777997506556038, 0.5573967413065575, 0.649476026414011]
epoch : 7, test result: [0.7732080882811363, 0.5648912911453905, 0.652834194572875]
0 ----- 0.0755736231803894
500 ----- 0.02143102139234543
1000 ----- 0.010439038276672363
epoch : 8, val result: [0.7658029951178482, 0.6449779776388332, 0.7002165135467261]
epoch : 8, test result: [0.7580028839221341, 0.6384975100206486, 0.6931368670886077]
0 ----- 0.005496366415172815
500 ----- 0.0032809649128466845
1000 ----- 0.0069135637022554874
epoch : 9, val result: [0.7683300042148472, 0.6456863892567838, 0.7016894973347949]
epoch : 9, test result: [0.755912116939442, 0.6430371674966597, 0.6949209552640431]
0 ----- 0.004636606201529503
500 ----- 0.008132392540574074
1000 ----- 0.01856844127178192
epoch : 10, val result: [0.7802257556438911, 0.6408199094465149, 0.7036849136691864]
epoch : 10, test result: [0.763141573793907, 0.6165128142839791, 0.6820353900548403]
0 ----- 0.0055014826357364655
500 ----- 0.002729451982304454
1000 ----- 0.0002584472531452775
epoch : 11, val result: [0.777902294484121, 0.6307173437644378, 0.6966202309877363]
epoch : 11, test result: [0.7581126050743455, 0.5983845499817806, 0.6688445579587784]
0 ----- 0.0056105609983205795
500 ----- 0.005250495858490467
1000 ----- 0.008378727361559868
epoch : 12, val result: [0.7800996324421143, 0.6438999599593433, 0.705486328471033]
epoch : 12, test result: [0.7579621380846325, 0.6200504068990648, 0.6821051576696954]
0 ----- 0.0009741614339873195
500 ----- 0.004573319107294083
1000 ----- 0.008454162627458572
epoch : 13, val result: [0.7762909843640262, 0.6468414081990944, 0.7056787634408602]
epoch : 13, test result: [0.7617146498725446, 0.6170138467144419, 0.6817709032344652]
0 ----- 0.004275706596672535
500 ----- 0.026848360896110535
1000 ----- 0.011380918323993683
epoch : 14, val result: [0.7747553069785179, 0.6570517756491207, 0.711065556694416]
epoch : 14, test result: [0.7558081230152097, 0.6179096319689056, 0.6799375161848117]
0 ----- 0.0002482997952029109
500 ----- 0.01310759037733078
1000 ----- 0.010404805652797222
epoch : 15, val result: [0.7808315048800787, 0.635737826100348, 0.7008539753145109]
epoch : 15, test result: [0.7615255016082095, 0.6039110895177943, 0.6736214605067063]
0 ----- 0.0007138308719731867
500 ----- 0.01492404192686081
1000 ----- 0.015320396050810814
epoch : 16, val result: [0.7699620816618123, 0.6473188160285829, 0.7033340305375444]
epoch : 16, test result: [0.7541652188225827, 0.6260931616664642, 0.6841873854143334]
0 ----- 0.007059015799313784
500 ----- 0.004145108629018068
1000 ----- 0.014841308817267418
epoch : 17, val result: [0.7707127190815862, 0.6006868512643607, 0.675159897181136]
epoch : 17, test result: [0.7616026249209361, 0.585008502368517, 0.6617263172356942]
0 ----- 0.007827664725482464
500 ----- 0.0006213114829733968
1000 ----- 0.0024216435849666595
epoch : 18, val result: [0.7699136500121225, 0.6357532263529122, 0.6964311320675141]
epoch : 18, test result: [0.7601397393323992, 0.6012540993562493, 0.6714253015827266]
0 ----- 0.0008754513110034168
500 ----- 0.0035880119539797306
1000 ----- 0.008127469569444656
epoch : 19, val result: [0.7755124450951684, 0.6525703021529553, 0.7087493936809006]
epoch : 19, test result: [0.7585302827394986, 0.6105763391230414, 0.6765589118530295]
0 ----- 0.003794180229306221
500 ----- 0.01074101310223341
1000 ----- 0.005030839703977108
epoch : 20, val result: [0.7771962485510555, 0.6814919764684141, 0.726204542470789]
epoch : 20, test result: [0.7593860344454854, 0.6399854245111138, 0.6945918333717825]
0 ----- 0.0017601298168301582
500 ----- 0.00475903507322073
1000 ----- 0.0044687846675515175
epoch : 21, val result: [0.7717729662423907, 0.6872670711799673, 0.7270727773342673]
epoch : 21, test result: [0.7592293636573294, 0.6497783311065225, 0.700252795889817]
0 ----- 0.0052039665170013905
500 ----- 0.013071556575596333
1000 ----- 0.0004808069206774235
epoch : 22, val result: [0.7592703877832373, 0.6615640496504143, 0.7070577391533346]
epoch : 22, test result: [0.7530712746008658, 0.6524201384671444, 0.6991417531014847]
0 ----- 0.0016245398437604308
500 ----- 0.004863088950514793
1000 ----- 0.00489750225096941
epoch : 23, val result: [0.7616617812036334, 0.6482582314349955, 0.7003993344425956]
epoch : 23, test result: [0.7518289353958144, 0.6272470545366209, 0.683910805039151]
0 ----- 0.0012008167104795575
500 ----- 0.014259186573326588
1000 ----- 0.0128789646551013
epoch : 24, val result: [0.7742340441015938, 0.655357747867065, 0.7098533753690637]
epoch : 24, test result: [0.7568128397238137, 0.6257287744443095, 0.6850565159574469]
0 ----- 0.008938386105000973
500 ----- 0.007026553153991699
1000 ----- 0.0075292326509952545
epoch : 25, val result: [0.7672112115432457, 0.7124002833646472, 0.7387905357385269]
epoch : 25, test result: [0.7456507786373002, 0.6702751123527269, 0.7059566642680098]
0 ----- 0.013077324256300926
500 ----- 0.004788833670318127
1000 ----- 0.0020058013033121824
epoch : 26, val result: [0.7726003746831723, 0.6478116241106354, 0.704724409448819]
epoch : 26, test result: [0.7538539756323426, 0.6303443459249363, 0.6865888851220058]
0 ----- 0.002209722762927413
500 ----- 0.0056108334101736546
1000 ----- 0.015315210446715355
epoch : 27, val result: [0.777661357921207, 0.6858040471863739, 0.7288498993436882]
epoch : 27, test result: [0.760710858239649, 0.6739493501761205, 0.7147066400463707]
0 ----- 0.002683657919988036
500 ----- 0.009825908578932285
1000 ----- 0.0003798766992986202
epoch : 28, val result: [0.7759384189586577, 0.69080912926972, 0.7309033435442874]
epoch : 28, test result: [0.7585912559537019, 0.6746629418195068, 0.7141697671989135]
0 ----- 0.002246295567601919
500 ----- 0.0011078097159042954
1000 ----- 0.0003768331080209464
epoch : 29, val result: [0.7739734568451055, 0.6690947731542797, 0.7177229513748358]
epoch : 29, test result: [0.759205874354093, 0.635764605854488, 0.6920235665474016]
0 ----- 0.0037469808012247086
500 ----- 0.00039436796214431524
1000 ----- 0.0002097070391755551
epoch : 30, val result: [0.7731552634833148, 0.674007453722241, 0.7201849581622661]
epoch : 30, test result: [0.7574771959152524, 0.6329254220818656, 0.6896226571159159]
0 ----- 0.0030068918131291866
500 ----- 0.006143635138869286
1000 ----- 0.0027492824010550976
epoch : 31, val result: [0.7756530587182681, 0.6808913666184125, 0.7251896502234797]
epoch : 31, test result: [0.7565471107315684, 0.6456334264545124, 0.6967035847696441]
0 ----- 0.0020853588357567787
500 ----- 0.0025650975294411182
1000 ----- 0.01188613846898079
epoch : 32, val result: [0.764045667196017, 0.5482951920411495, 0.638435605924757]
epoch : 32, test result: [0.7508179419525066, 0.5400522288351756, 0.6282287904343911]
0 ----- 0.010294495150446892
500 ----- 0.009259864687919617
1000 ----- 0.002440628595650196
epoch : 33, val result: [0.7737137545139261, 0.666522930976068, 0.716129459262691]
epoch : 33, test result: [0.752365222698957, 0.6362960038867971, 0.6894798752951048]
0 ----- 0.0024613505229353905
500 ----- 0.0016068404074758291
1000 ----- 0.009359113872051239
epoch : 34, val result: [0.7679440281279966, 0.6659993223888871, 0.713347849036685]
epoch : 34, test result: [0.7512500227276859, 0.6273229685412365, 0.6837162737976056]
0 ----- 0.005242964718490839
500 ----- 0.004823063034564257
1000 ----- 0.004638119600713253
epoch : 35, val result: [0.771616348326145, 0.6364462377182986, 0.6975433147949668]
epoch : 35, test result: [0.7549088101191351, 0.6234209887039961, 0.6828931612559872]
0 ----- 0.0012716854689642787
500 ----- 0.004067728295922279
1000 ----- 0.0068292138166725636
epoch : 36, val result: [0.7702422639891374, 0.6639356885452922, 0.7131490579458423]
epoch : 36, test result: [0.7528675894013166, 0.6268219361107737, 0.6840871243817367]
0 ----- 0.003642675234004855
500 ----- 0.0002867339353542775
1000 ----- 0.0005718069733120501
epoch : 37, val result: [0.7648445949539902, 0.6643360951119598, 0.7110561668108955]
epoch : 37, test result: [0.7481226702202374, 0.6307542815498604, 0.6844433461015693]
0 ----- 0.002758844057098031
500 ----- 0.002289111725986004
1000 ----- 0.0021416021045297384
epoch : 38, val result: [0.77137312881168, 0.6427911417747251, 0.7012365175901347]
epoch : 38, test result: [0.7577151984179803, 0.6050194339851815, 0.6728124604280106]
0 ----- 0.003110053949058056
500 ----- 0.004581138491630554
1000 ----- 0.003927469253540039
epoch : 39, val result: [0.7698607698607699, 0.6514306834632088, 0.7057115925224601]
epoch : 39, test result: [0.7559056596687572, 0.611183651159966, 0.6758844171325912]
0 ----- 0.003711031749844551
500 ----- 0.006502983160316944
1000 ----- 0.0036292998120188713
epoch : 40, val result: [0.7710674157303371, 0.634105399328549, 0.6959115723291701]
epoch : 40, test result: [0.756661051986831, 0.6001913032916313, 0.6694042740542555]
0 ----- 0.0014519519172608852
500 ----- 0.0005284577491693199
1000 ----- 0.005620477721095085
epoch : 41, val result: [0.7733644859813084, 0.6218929990451844, 0.6894067434912505]
epoch : 41, test result: [0.7552332766877801, 0.593784161302077, 0.6648476812185502]
0 ----- 0.0006312900222837925
500 ----- 0.0006735070492140949
1000 ----- 0.015702400356531143
epoch : 42, val result: [0.781896923519264, 0.6700803893183849, 0.721683169959032]
epoch : 42, test result: [0.7591363042798551, 0.6266701081015426, 0.6865721295795734]
0 ----- 0.0012512225657701492
500 ----- 0.000517308886628598
1000 ----- 0.00016490901180077344
epoch : 43, val result: [0.7798675544229285, 0.6692179751747929, 0.7203182628154656]
epoch : 43, test result: [0.7573142107305894, 0.6221304506255314, 0.6830984154504005]
0 ----- 0.0038384473882615566
500 ----- 0.008268887177109718
1000 ----- 0.0025167358107864857
epoch : 44, val result: [0.7745630651560098, 0.667493146887609, 0.717053237600503]
epoch : 44, test result: [0.7548797684429271, 0.6177122555569051, 0.679442217768871]
0 ----- 0.0013397946022450924
500 ----- 0.0013735175598412752
1000 ----- 0.0035725045017898083
epoch : 45, val result: [0.7820341951943948, 0.6325499738195707, 0.6993938155564636]
epoch : 45, test result: [0.7656530192347623, 0.6158447710433621, 0.6826263663213874]
0 ----- 0.0022904740180820227
500 ----- 0.008288998156785965
1000 ----- 0.004270968958735466
epoch : 46, val result: [0.77320299236983, 0.6382788677734315, 0.6992922041219197]
epoch : 46, test result: [0.7668995021485225, 0.6151008137981295, 0.682663386440421]
0 ----- 0.002005592919886112
500 ----- 0.0006643779925070703
1000 ----- 0.0004915543831884861
epoch : 47, val result: [0.7734771915336697, 0.6635198817260604, 0.7142916352362874]
epoch : 47, test result: [0.763803058532716, 0.6286438722215474, 0.6896637878623837]
0 ----- 0.00020811693684663624
500 ----- 0.0023080669343471527
1000 ----- 0.0002590956864878535
epoch : 48, val result: [0.7805218232198315, 0.6463640003696061, 0.7071360576882577]
epoch : 48, test result: [0.7647989025854021, 0.609467994655654, 0.6783550624836292]
0 ----- 0.00041638087714090943
500 ----- 0.005414594896137714
1000 ----- 0.0003098678425885737
epoch : 49, val result: [0.7789424339021189, 0.639741891767025, 0.7025130217141311]
epoch : 49, test result: [0.7639933723122632, 0.60905805903073, 0.6777842545893842]

Process finished with exit code 0
