training: ----
reload data from cache
0 ----- 3.3179094791412354
500 ----- 0.8682629466056824
epoch : 0, val result: [0.21741377196209294, 0.757422268330638, 0.3378497009125739]
epoch : 0, test result: [0.21202415009565262, 0.7473707003217025, 0.3303345592759191]
0 ----- 0.8130626678466797
500 ----- 0.7851146459579468
epoch : 1, val result: [0.24061295234392718, 0.6798584200408874, 0.3554325458228979]
epoch : 1, test result: [0.2433287747098116, 0.6659552091066567, 0.3564256446339142]
0 ----- 0.8027600646018982
500 ----- 0.7747571468353271
epoch : 2, val result: [0.2360888381186705, 0.6558447502517316, 0.3471954125106005]
epoch : 2, test result: [0.23199128500748945, 0.6323929720366246, 0.3394547205525853]
0 ----- 0.7516753077507019
500 ----- 0.7867372632026672
epoch : 3, val result: [0.24333702217918568, 0.6440972751960455, 0.3532266296299395]
epoch : 3, test result: [0.24153103201573958, 0.6265775798069785, 0.34866127907877414]
0 ----- 0.7566147446632385
500 ----- 0.7967606782913208
epoch : 4, val result: [0.26414452503310615, 0.6634119549629268, 0.37784574745403354]
epoch : 4, test result: [0.25393910101498307, 0.6500866122246969, 0.36521618239955517]
0 ----- 0.76096510887146
500 ----- 0.7747001647949219
epoch : 5, val result: [0.2590767764906474, 0.6305495377292283, 0.3672569910340599]
epoch : 5, test result: [0.26326944581697137, 0.6262991833704529, 0.37070875368475015]
0 ----- 0.7598828077316284
500 ----- 0.750270426273346
epoch : 6, val result: [0.20082201995035145, 0.6738778872852653, 0.3094307371134743]
epoch : 6, test result: [0.20419038281725174, 0.695774560752289, 0.3157244622240937]
0 ----- 0.7579596042633057
500 ----- 0.7544413208961487
epoch : 7, val result: [0.241060179679497, 0.6246910566624966, 0.34787854072148305]
epoch : 7, test result: [0.23491295938104448, 0.6010888393961891, 0.3378068284542104]
0 ----- 0.7634186744689941
500 ----- 0.7705972194671631
epoch : 8, val result: [0.24248369995734567, 0.6071156134623013, 0.3465531055143345]
epoch : 8, test result: [0.23754254511618797, 0.600160851274437, 0.3403680508043436]
0 ----- 0.7588816285133362
500 ----- 0.7711032629013062
epoch : 9, val result: [0.28407575353427583, 0.5849327190064992, 0.3824248167173707]
epoch : 9, test result: [0.27735097769291117, 0.5795904479089334, 0.3751714471642389]
0 ----- 0.7613992691040039
500 ----- 0.7529598474502563
epoch : 10, val result: [0.29625266210521545, 0.5984804564733165, 0.3963224893917964]
epoch : 10, test result: [0.29357011819193407, 0.6039037366988369, 0.3950824648386117]
0 ----- 0.7559858560562134
500 ----- 0.761449933052063
epoch : 11, val result: [0.29634218106358595, 0.5838952796509321, 0.3931502768446896]
epoch : 11, test result: [0.2970331980167835, 0.5726305369957931, 0.39116332632513123]
0 ----- 0.7612941265106201
500 ----- 0.7594012022018433
epoch : 12, val result: [0.30443506975715345, 0.5879229853843102, 0.40114923384410395]
epoch : 12, test result: [0.3031327761117846, 0.5878495421925266, 0.39999999999999997]
