/Users/haiyangli/miniconda3/envs/network/bin/python /Users/haiyangli/Coding/CodeClone/eval/LinearModel/run.py
train test data shape: (500000, 3), (250000, 3), (250000, 3)
parsing source code: total count 12460
parse finished, success parsing count 12460
build sentences
build vocab dict
build bow vec
build onr hot vec, vocab:13402
one hot vec shape:(12460, 13402)
0 ----- 3.372926712036133
500 ----- 0.8185887932777405
epoch : 0, val result: [0.2605966841129289, 0.7246819027858298, 0.38334274876926805]
epoch : 0, test result: [0.2609704899097038, 0.7268312298935907, 0.3840477260654599]
0 ----- 0.8083706498146057
500 ----- 0.8094002604484558
epoch : 1, val result: [0.2827677301361512, 0.6793397003631038, 0.39932202781838233]
epoch : 1, test result: [0.28233102714209685, 0.6892167780252413, 0.40057170594897795]
0 ----- 0.7890641093254089
500 ----- 0.7920795679092407
epoch : 2, val result: [0.26773868154037855, 0.6884020382632045, 0.3855329038431962]
epoch : 2, test result: [0.2668582352731634, 0.6951868349418461, 0.3856707709468446]
0 ----- 0.7929832339286804
500 ----- 0.7891518473625183
epoch : 3, val result: [0.23543060651845457, 0.6656393982851738, 0.3478350992163147]
epoch : 3, test result: [0.23144016658167602, 0.6738740410789409, 0.34454671980768015]
0 ----- 0.7627346515655518
500 ----- 0.7866514325141907
epoch : 4, val result: [0.25870475193835324, 0.6638086229518201, 0.3723099302614128]
epoch : 4, test result: [0.25372164390155844, 0.6521591190299431, 0.3653171378321478]
0 ----- 0.7647420763969421
500 ----- 0.769588828086853
epoch : 5, val result: [0.26164692686704677, 0.5979007109510878, 0.36400282359934605]
epoch : 5, test result: [0.2618609783008459, 0.5946547884187082, 0.3636054132266576]
0 ----- 0.7676459550857544
500 ----- 0.7569211721420288
epoch : 6, val result: [0.24240829555919677, 0.6184359076068715, 0.3482952983227935]
epoch : 6, test result: [0.2461281129971503, 0.6144828012868102, 0.35147472531361135]
0 ----- 0.7721603512763977
500 ----- 0.7770615220069885
epoch : 7, val result: [0.24922353414563608, 0.604766118451164, 0.3529830810329475]
epoch : 7, test result: [0.24674008868537745, 0.5800544419698095, 0.34621100925900283]
0 ----- 0.7519302368164062
500 ----- 0.7500410676002502
epoch : 8, val result: [0.2456322143769429, 0.6220364324291338, 0.3521901750930749]
epoch : 8, test result: [0.2413130304543185, 0.598057411531799, 0.34387450199203184]
0 ----- 0.7485265731811523
500 ----- 0.7390693426132202


Process finished with exit code 1
