training: ----
reload data from cache
0 ----- 3.2838940620422363
500 ----- 0.8559576869010925
epoch : 0, val result: [0.24908214663882594, 0.7680102523418668, 0.3761657101865136]
epoch : 0, test result: [0.2470867154223258, 0.7608265280871072, 0.37302839116719244]
0 ----- 0.8133192658424377
500 ----- 0.8225297927856445
epoch : 1, val result: [0.24000251509054327, 0.6988069447410978, 0.3572938524302441]
epoch : 1, test result: [0.23597024308466052, 0.6966406829992576, 0.35252958487258157]
0 ----- 0.8193566799163818
500 ----- 0.8141266107559204
epoch : 2, val result: [0.24271865188020003, 0.7005461813077839, 0.3605257372569957]
epoch : 2, test result: [0.24038851965037505, 0.695898292501856, 0.3573391362358435]
0 ----- 0.766584575176239
500 ----- 0.7947145700454712
epoch : 3, val result: [0.2556246518343357, 0.6860830561742898, 0.3724717146785495]
epoch : 3, test result: [0.2572929154535594, 0.6970737441227419, 0.37585582880922]
0 ----- 0.7827634811401367
500 ----- 0.7852393388748169
epoch : 4, val result: [0.2509364161849711, 0.6623134897629146, 0.36397172872318123]
epoch : 4, test result: [0.2517518392855061, 0.6679039841623361, 0.36567170498327617]
0 ----- 0.7768297791481018
500 ----- 0.7825063467025757
epoch : 5, val result: [0.24814649894244684, 0.680163549263113, 0.36362894872066753]
epoch : 5, test result: [0.24206108134975424, 0.6778953229398663, 0.35673880663828816]
0 ----- 0.7494006156921387
500 ----- 0.7772349119186401
epoch : 6, val result: [0.2725259195847431, 0.6119671680956885, 0.3771129872327623]
epoch : 6, test result: [0.27059492693760917, 0.6180710220242515, 0.37639989074023483]
0 ----- 0.7429083585739136
500 ----- 0.7680049538612366
epoch : 7, val result: [0.23895898121105344, 0.6166356451957404, 0.3444402781565313]
epoch : 7, test result: [0.23616005388047676, 0.607399158624103, 0.3400909287724616]
0 ----- 0.7414798140525818
500 ----- 0.742466926574707
epoch : 8, val result: [0.2562206322084579, 0.5856650291398408, 0.3564841899986071]
epoch : 8, test result: [0.24725996229604108, 0.5882826033160109, 0.3481779152897668]
0 ----- 0.7697287201881409
500 ----- 0.7701693773269653
epoch : 9, val result: [0.2722276998028071, 0.5728801147285876, 0.36907441444452094]
epoch : 9, test result: [0.2648242209793403, 0.5741462509279881, 0.362462896422434]
0 ----- 0.7336902618408203
500 ----- 0.7372829914093018
epoch : 10, val result: [0.2725520759529545, 0.5868855460287432, 0.3722361456508907]
epoch : 10, test result: [0.26756019550558685, 0.5977480821578817, 0.3696569138506566]
0 ----- 0.7457242012023926
500 ----- 0.7761792540550232
epoch : 11, val result: [0.2312966718908454, 0.6124248619290269, 0.3357786347020887]
epoch : 11, test result: [0.22629574050559853, 0.6064093046275675, 0.3295953193564115]
0 ----- 0.754027247428894
500 ----- 0.755163848400116
epoch : 12, val result: [0.2417972108128761, 0.617917187929088, 0.3475820639347779]
epoch : 12, test result: [0.23957539984767706, 0.6227418955704034, 0.346029563423857]
